This is pdfTeX, Version 3.14159265-2.6-1.40.16 (TeX Live 2015) (preloaded format=pdflatex 2015.5.24)  11 APR 2018 14:00
entering extended mode
 restricted \write18 enabled.
 %&-line parsing enabled.
**main.tex
(./main.tex
LaTeX2e <2015/01/01>
Babel <3.9l> and hyphenation patterns for 79 languages loaded.
(/usr/local/texlive/2015/texmf-dist/tex/latex/base/article.cls
Document Class: article 2014/09/29 v1.4h Standard LaTeX document class
(/usr/local/texlive/2015/texmf-dist/tex/latex/base/size10.clo
File: size10.clo 2014/09/29 v1.4h Standard LaTeX file (size option)
)
\c@part=\count79
\c@section=\count80
\c@subsection=\count81
\c@subsubsection=\count82
\c@paragraph=\count83
\c@subparagraph=\count84
\c@figure=\count85
\c@table=\count86
\abovecaptionskip=\skip41
\belowcaptionskip=\skip42
\bibindent=\dimen102
)
(/usr/local/texlive/2015/texmf-dist/tex/latex/amsmath/amsmath.sty
Package: amsmath 2013/01/14 v2.14 AMS math features
\@mathmargin=\skip43

For additional information on amsmath, use the `?' option.
(/usr/local/texlive/2015/texmf-dist/tex/latex/amsmath/amstext.sty
Package: amstext 2000/06/29 v2.01

(/usr/local/texlive/2015/texmf-dist/tex/latex/amsmath/amsgen.sty
File: amsgen.sty 1999/11/30 v2.0
\@emptytoks=\toks14
\ex@=\dimen103
))
(/usr/local/texlive/2015/texmf-dist/tex/latex/amsmath/amsbsy.sty
Package: amsbsy 1999/11/29 v1.2d
\pmbraise@=\dimen104
)
(/usr/local/texlive/2015/texmf-dist/tex/latex/amsmath/amsopn.sty
Package: amsopn 1999/12/14 v2.01 operator names
)
\inf@bad=\count87
LaTeX Info: Redefining \frac on input line 210.
\uproot@=\count88
\leftroot@=\count89
LaTeX Info: Redefining \overline on input line 306.
\classnum@=\count90
\DOTSCASE@=\count91
LaTeX Info: Redefining \ldots on input line 378.
LaTeX Info: Redefining \dots on input line 381.
LaTeX Info: Redefining \cdots on input line 466.
\Mathstrutbox@=\box26
\strutbox@=\box27
\big@size=\dimen105
LaTeX Font Info:    Redeclaring font encoding OML on input line 566.
LaTeX Font Info:    Redeclaring font encoding OMS on input line 567.
\macc@depth=\count92
\c@MaxMatrixCols=\count93
\dotsspace@=\muskip10
\c@parentequation=\count94
\dspbrk@lvl=\count95
\tag@help=\toks15
\row@=\count96
\column@=\count97
\maxfields@=\count98
\andhelp@=\toks16
\eqnshift@=\dimen106
\alignsep@=\dimen107
\tagshift@=\dimen108
\tagwidth@=\dimen109
\totwidth@=\dimen110
\lineht@=\dimen111
\@envbody=\toks17
\multlinegap=\skip44
\multlinetaggap=\skip45
\mathdisplay@stack=\toks18
LaTeX Info: Redefining \[ on input line 2665.
LaTeX Info: Redefining \] on input line 2666.
)
(/usr/local/texlive/2015/texmf-dist/tex/latex/amsfonts/amsfonts.sty
Package: amsfonts 2013/01/14 v3.01 Basic AMSFonts support
\symAMSa=\mathgroup4
\symAMSb=\mathgroup5
LaTeX Font Info:    Overwriting math alphabet `\mathfrak' in version `bold'
(Font)                  U/euf/m/n --> U/euf/b/n on input line 106.
)
(/usr/local/texlive/2015/texmf-dist/tex/latex/amsfonts/amssymb.sty
Package: amssymb 2013/01/14 v3.01 AMS font symbols
)
(/usr/local/texlive/2015/texmf-dist/tex/latex/hyperref/hyperref.sty
Package: hyperref 2012/11/06 v6.83m Hypertext links for LaTeX

(/usr/local/texlive/2015/texmf-dist/tex/generic/oberdiek/hobsub-hyperref.sty
Package: hobsub-hyperref 2012/05/28 v1.13 Bundle oberdiek, subset hyperref (HO)


(/usr/local/texlive/2015/texmf-dist/tex/generic/oberdiek/hobsub-generic.sty
Package: hobsub-generic 2012/05/28 v1.13 Bundle oberdiek, subset generic (HO)
Package: hobsub 2012/05/28 v1.13 Construct package bundles (HO)
Package: infwarerr 2010/04/08 v1.3 Providing info/warning/error messages (HO)
Package: ltxcmds 2011/11/09 v1.22 LaTeX kernel commands for general use (HO)
Package: ifluatex 2010/03/01 v1.3 Provides the ifluatex switch (HO)
Package ifluatex Info: LuaTeX not detected.
Package: ifvtex 2010/03/01 v1.5 Detect VTeX and its facilities (HO)
Package ifvtex Info: VTeX not detected.
Package: intcalc 2007/09/27 v1.1 Expandable calculations with integers (HO)
Package: ifpdf 2011/01/30 v2.3 Provides the ifpdf switch (HO)
Package ifpdf Info: pdfTeX in PDF mode is detected.
Package: etexcmds 2011/02/16 v1.5 Avoid name clashes with e-TeX commands (HO)
Package etexcmds Info: Could not find \expanded.
(etexcmds)             That can mean that you are not using pdfTeX 1.50 or
(etexcmds)             that some package has redefined \expanded.
(etexcmds)             In the latter case, load this package earlier.
Package: kvsetkeys 2012/04/25 v1.16 Key value parser (HO)
Package: kvdefinekeys 2011/04/07 v1.3 Define keys (HO)
Package: pdftexcmds 2011/11/29 v0.20 Utility functions of pdfTeX for LuaTeX (HO
)
Package pdftexcmds Info: LuaTeX not detected.
Package pdftexcmds Info: \pdf@primitive is available.
Package pdftexcmds Info: \pdf@ifprimitive is available.
Package pdftexcmds Info: \pdfdraftmode found.
Package: pdfescape 2011/11/25 v1.13 Implements pdfTeX's escape features (HO)
Package: bigintcalc 2012/04/08 v1.3 Expandable calculations on big integers (HO
)
Package: bitset 2011/01/30 v1.1 Handle bit-vector datatype (HO)
Package: uniquecounter 2011/01/30 v1.2 Provide unlimited unique counter (HO)
)
Package hobsub Info: Skipping package `hobsub' (already loaded).
Package: letltxmacro 2010/09/02 v1.4 Let assignment for LaTeX macros (HO)
Package: hopatch 2012/05/28 v1.2 Wrapper for package hooks (HO)
Package: xcolor-patch 2011/01/30 xcolor patch
Package: atveryend 2011/06/30 v1.8 Hooks at the very end of document (HO)
Package atveryend Info: \enddocument detected (standard20110627).
Package: atbegshi 2011/10/05 v1.16 At begin shipout hook (HO)
Package: refcount 2011/10/16 v3.4 Data extraction from label references (HO)
Package: hycolor 2011/01/30 v1.7 Color options for hyperref/bookmark (HO)
)
(/usr/local/texlive/2015/texmf-dist/tex/latex/graphics/keyval.sty
Package: keyval 2014/10/28 v1.15 key=value parser (DPC)
\KV@toks@=\toks19
)
(/usr/local/texlive/2015/texmf-dist/tex/generic/ifxetex/ifxetex.sty
Package: ifxetex 2010/09/12 v0.6 Provides ifxetex conditional
)
(/usr/local/texlive/2015/texmf-dist/tex/latex/oberdiek/auxhook.sty
Package: auxhook 2011/03/04 v1.3 Hooks for auxiliary files (HO)
)
(/usr/local/texlive/2015/texmf-dist/tex/latex/oberdiek/kvoptions.sty
Package: kvoptions 2011/06/30 v3.11 Key value format for package options (HO)
)
\@linkdim=\dimen112
\Hy@linkcounter=\count99
\Hy@pagecounter=\count100

(/usr/local/texlive/2015/texmf-dist/tex/latex/hyperref/pd1enc.def
File: pd1enc.def 2012/11/06 v6.83m Hyperref: PDFDocEncoding definition (HO)
)
\Hy@SavedSpaceFactor=\count101

(/usr/local/texlive/2015/texmf-dist/tex/latex/latexconfig/hyperref.cfg
File: hyperref.cfg 2002/06/06 v1.2 hyperref configuration of TeXLive
)
Package hyperref Info: Hyper figures OFF on input line 4443.
Package hyperref Info: Link nesting OFF on input line 4448.
Package hyperref Info: Hyper index ON on input line 4451.
Package hyperref Info: Plain pages OFF on input line 4458.
Package hyperref Info: Backreferencing OFF on input line 4463.
Package hyperref Info: Implicit mode ON; LaTeX internals redefined.
Package hyperref Info: Bookmarks ON on input line 4688.
\c@Hy@tempcnt=\count102

(/usr/local/texlive/2015/texmf-dist/tex/latex/url/url.sty
\Urlmuskip=\muskip11
Package: url 2013/09/16  ver 3.4  Verb mode for urls, etc.
)
LaTeX Info: Redefining \url on input line 5041.
\XeTeXLinkMargin=\dimen113
\Fld@menulength=\count103
\Field@Width=\dimen114
\Fld@charsize=\dimen115
Package hyperref Info: Hyper figures OFF on input line 6295.
Package hyperref Info: Link nesting OFF on input line 6300.
Package hyperref Info: Hyper index ON on input line 6303.
Package hyperref Info: backreferencing OFF on input line 6310.
Package hyperref Info: Link coloring OFF on input line 6315.
Package hyperref Info: Link coloring with OCG OFF on input line 6320.
Package hyperref Info: PDF/A mode OFF on input line 6325.
LaTeX Info: Redefining \ref on input line 6365.
LaTeX Info: Redefining \pageref on input line 6369.
\Hy@abspage=\count104
\c@Item=\count105
\c@Hfootnote=\count106
)

Package hyperref Message: Driver (autodetected): hpdftex.

(/usr/local/texlive/2015/texmf-dist/tex/latex/hyperref/hpdftex.def
File: hpdftex.def 2012/11/06 v6.83m Hyperref driver for pdfTeX
\Fld@listcount=\count107
\c@bookmark@seq@number=\count108

(/usr/local/texlive/2015/texmf-dist/tex/latex/oberdiek/rerunfilecheck.sty
Package: rerunfilecheck 2011/04/15 v1.7 Rerun checks for auxiliary files (HO)
Package uniquecounter Info: New unique counter `rerunfilecheck' on input line 2
82.
)
\Hy@SectionHShift=\skip46
)
(/usr/local/texlive/2015/texmf-dist/tex/latex/pdfpages/pdfpages.sty
Package: pdfpages 2015/05/11 v0.4x Insert pages of external PDF documents (AM)

(/usr/local/texlive/2015/texmf-dist/tex/latex/base/ifthen.sty
Package: ifthen 2014/09/29 v1.1c Standard LaTeX ifthen package (DPC)
)
(/usr/local/texlive/2015/texmf-dist/tex/latex/tools/calc.sty
Package: calc 2014/10/28 v4.3 Infix arithmetic (KKT,FJ)
\calc@Acount=\count109
\calc@Bcount=\count110
\calc@Adimen=\dimen116
\calc@Bdimen=\dimen117
\calc@Askip=\skip47
\calc@Bskip=\skip48
LaTeX Info: Redefining \setlength on input line 80.
LaTeX Info: Redefining \addtolength on input line 81.
\calc@Ccount=\count111
\calc@Cskip=\skip49
)
(/usr/local/texlive/2015/texmf-dist/tex/latex/eso-pic/eso-pic.sty
Package: eso-pic 2015/04/20 v2.0e eso-pic (RN)

(/usr/local/texlive/2015/texmf-dist/tex/latex/xcolor/xcolor.sty
Package: xcolor 2007/01/21 v2.11 LaTeX color extensions (UK)

(/usr/local/texlive/2015/texmf-dist/tex/latex/latexconfig/color.cfg
File: color.cfg 2007/01/18 v1.5 color configuration of teTeX/TeXLive
)
Package xcolor Info: Driver file: pdftex.def on input line 225.

(/usr/local/texlive/2015/texmf-dist/tex/latex/pdftex-def/pdftex.def
File: pdftex.def 2011/05/27 v0.06d Graphics/color for pdfTeX
\Gread@gobject=\count112
)
Package xcolor Info: Model `cmy' substituted by `cmy0' on input line 1337.
Package xcolor Info: Model `hsb' substituted by `rgb' on input line 1341.
Package xcolor Info: Model `RGB' extended on input line 1353.
Package xcolor Info: Model `HTML' substituted by `rgb' on input line 1355.
Package xcolor Info: Model `Hsb' substituted by `hsb' on input line 1356.
Package xcolor Info: Model `tHsb' substituted by `hsb' on input line 1357.
Package xcolor Info: Model `HSB' substituted by `hsb' on input line 1358.
Package xcolor Info: Model `Gray' substituted by `gray' on input line 1359.
Package xcolor Info: Model `wave' substituted by `hsb' on input line 1360.
))
(/usr/local/texlive/2015/texmf-dist/tex/latex/graphics/graphicx.sty
Package: graphicx 2014/10/28 v1.0g Enhanced LaTeX Graphics (DPC,SPQR)

(/usr/local/texlive/2015/texmf-dist/tex/latex/graphics/graphics.sty
Package: graphics 2014/10/28 v1.0p Standard LaTeX Graphics (DPC,SPQR)

(/usr/local/texlive/2015/texmf-dist/tex/latex/graphics/trig.sty
Package: trig 1999/03/16 v1.09 sin cos tan (DPC)
)
(/usr/local/texlive/2015/texmf-dist/tex/latex/latexconfig/graphics.cfg
File: graphics.cfg 2010/04/23 v1.9 graphics configuration of TeX Live
)
Package graphics Info: Driver file: pdftex.def on input line 94.
)
\Gin@req@height=\dimen118
\Gin@req@width=\dimen119
)
\AM@pagewidth=\dimen120
\AM@pageheight=\dimen121

(/usr/local/texlive/2015/texmf-dist/tex/latex/pdfpages/pppdftex.def
File: pppdftex.def 2015/05/11 v0.4x Pdfpages driver for pdfTeX (AM)
)
\AM@pagebox=\box28
\AM@toc@title=\toks20
\c@AM@survey=\count113
\AM@templatesizebox=\box29
)
(/usr/local/texlive/2015/texmf-dist/tex/latex/booktabs/booktabs.sty
Package: booktabs 2005/04/14 v1.61803 publication quality tables
\heavyrulewidth=\dimen122
\lightrulewidth=\dimen123
\cmidrulewidth=\dimen124
\belowrulesep=\dimen125
\belowbottomsep=\dimen126
\aboverulesep=\dimen127
\abovetopsep=\dimen128
\cmidrulesep=\dimen129
\cmidrulekern=\dimen130
\defaultaddspace=\dimen131
\@cmidla=\count114
\@cmidlb=\count115
\@aboverulesep=\dimen132
\@belowrulesep=\dimen133
\@thisruleclass=\count116
\@lastruleclass=\count117
\@thisrulewidth=\dimen134
)
(/usr/local/texlive/2015/texmf-dist/tex/latex/base/inputenc.sty
Package: inputenc 2015/03/17 v1.2c Input encoding file
\inpenc@prehook=\toks21
\inpenc@posthook=\toks22

(/usr/local/texlive/2015/texmf-dist/tex/latex/base/utf8.def
File: utf8.def 2014/09/29 v1.1m UTF-8 support for inputenc
Now handling font encoding OML ...
... no UTF-8 mapping file for font encoding OML
Now handling font encoding T1 ...
... processing UTF-8 mapping file for font encoding T1

(/usr/local/texlive/2015/texmf-dist/tex/latex/base/t1enc.dfu
File: t1enc.dfu 2014/09/29 v1.1m UTF-8 support for inputenc
   defining Unicode char U+00A1 (decimal 161)
   defining Unicode char U+00A3 (decimal 163)
   defining Unicode char U+00AB (decimal 171)
   defining Unicode char U+00BB (decimal 187)
   defining Unicode char U+00BF (decimal 191)
   defining Unicode char U+00C0 (decimal 192)
   defining Unicode char U+00C1 (decimal 193)
   defining Unicode char U+00C2 (decimal 194)
   defining Unicode char U+00C3 (decimal 195)
   defining Unicode char U+00C4 (decimal 196)
   defining Unicode char U+00C5 (decimal 197)
   defining Unicode char U+00C6 (decimal 198)
   defining Unicode char U+00C7 (decimal 199)
   defining Unicode char U+00C8 (decimal 200)
   defining Unicode char U+00C9 (decimal 201)
   defining Unicode char U+00CA (decimal 202)
   defining Unicode char U+00CB (decimal 203)
   defining Unicode char U+00CC (decimal 204)
   defining Unicode char U+00CD (decimal 205)
   defining Unicode char U+00CE (decimal 206)
   defining Unicode char U+00CF (decimal 207)
   defining Unicode char U+00D0 (decimal 208)
   defining Unicode char U+00D1 (decimal 209)
   defining Unicode char U+00D2 (decimal 210)
   defining Unicode char U+00D3 (decimal 211)
   defining Unicode char U+00D4 (decimal 212)
   defining Unicode char U+00D5 (decimal 213)
   defining Unicode char U+00D6 (decimal 214)
   defining Unicode char U+00D8 (decimal 216)
   defining Unicode char U+00D9 (decimal 217)
   defining Unicode char U+00DA (decimal 218)
   defining Unicode char U+00DB (decimal 219)
   defining Unicode char U+00DC (decimal 220)
   defining Unicode char U+00DD (decimal 221)
   defining Unicode char U+00DE (decimal 222)
   defining Unicode char U+00DF (decimal 223)
   defining Unicode char U+00E0 (decimal 224)
   defining Unicode char U+00E1 (decimal 225)
   defining Unicode char U+00E2 (decimal 226)
   defining Unicode char U+00E3 (decimal 227)
   defining Unicode char U+00E4 (decimal 228)
   defining Unicode char U+00E5 (decimal 229)
   defining Unicode char U+00E6 (decimal 230)
   defining Unicode char U+00E7 (decimal 231)
   defining Unicode char U+00E8 (decimal 232)
   defining Unicode char U+00E9 (decimal 233)
   defining Unicode char U+00EA (decimal 234)
   defining Unicode char U+00EB (decimal 235)
   defining Unicode char U+00EC (decimal 236)
   defining Unicode char U+00ED (decimal 237)
   defining Unicode char U+00EE (decimal 238)
   defining Unicode char U+00EF (decimal 239)
   defining Unicode char U+00F0 (decimal 240)
   defining Unicode char U+00F1 (decimal 241)
   defining Unicode char U+00F2 (decimal 242)
   defining Unicode char U+00F3 (decimal 243)
   defining Unicode char U+00F4 (decimal 244)
   defining Unicode char U+00F5 (decimal 245)
   defining Unicode char U+00F6 (decimal 246)
   defining Unicode char U+00F8 (decimal 248)
   defining Unicode char U+00F9 (decimal 249)
   defining Unicode char U+00FA (decimal 250)
   defining Unicode char U+00FB (decimal 251)
   defining Unicode char U+00FC (decimal 252)
   defining Unicode char U+00FD (decimal 253)
   defining Unicode char U+00FE (decimal 254)
   defining Unicode char U+00FF (decimal 255)
   defining Unicode char U+0102 (decimal 258)
   defining Unicode char U+0103 (decimal 259)
   defining Unicode char U+0104 (decimal 260)
   defining Unicode char U+0105 (decimal 261)
   defining Unicode char U+0106 (decimal 262)
   defining Unicode char U+0107 (decimal 263)
   defining Unicode char U+010C (decimal 268)
   defining Unicode char U+010D (decimal 269)
   defining Unicode char U+010E (decimal 270)
   defining Unicode char U+010F (decimal 271)
   defining Unicode char U+0110 (decimal 272)
   defining Unicode char U+0111 (decimal 273)
   defining Unicode char U+0118 (decimal 280)
   defining Unicode char U+0119 (decimal 281)
   defining Unicode char U+011A (decimal 282)
   defining Unicode char U+011B (decimal 283)
   defining Unicode char U+011E (decimal 286)
   defining Unicode char U+011F (decimal 287)
   defining Unicode char U+0130 (decimal 304)
   defining Unicode char U+0131 (decimal 305)
   defining Unicode char U+0132 (decimal 306)
   defining Unicode char U+0133 (decimal 307)
   defining Unicode char U+0139 (decimal 313)
   defining Unicode char U+013A (decimal 314)
   defining Unicode char U+013D (decimal 317)
   defining Unicode char U+013E (decimal 318)
   defining Unicode char U+0141 (decimal 321)
   defining Unicode char U+0142 (decimal 322)
   defining Unicode char U+0143 (decimal 323)
   defining Unicode char U+0144 (decimal 324)
   defining Unicode char U+0147 (decimal 327)
   defining Unicode char U+0148 (decimal 328)
   defining Unicode char U+014A (decimal 330)
   defining Unicode char U+014B (decimal 331)
   defining Unicode char U+0150 (decimal 336)
   defining Unicode char U+0151 (decimal 337)
   defining Unicode char U+0152 (decimal 338)
   defining Unicode char U+0153 (decimal 339)
   defining Unicode char U+0154 (decimal 340)
   defining Unicode char U+0155 (decimal 341)
   defining Unicode char U+0158 (decimal 344)
   defining Unicode char U+0159 (decimal 345)
   defining Unicode char U+015A (decimal 346)
   defining Unicode char U+015B (decimal 347)
   defining Unicode char U+015E (decimal 350)
   defining Unicode char U+015F (decimal 351)
   defining Unicode char U+0160 (decimal 352)
   defining Unicode char U+0161 (decimal 353)
   defining Unicode char U+0162 (decimal 354)
   defining Unicode char U+0163 (decimal 355)
   defining Unicode char U+0164 (decimal 356)
   defining Unicode char U+0165 (decimal 357)
   defining Unicode char U+016E (decimal 366)
   defining Unicode char U+016F (decimal 367)
   defining Unicode char U+0170 (decimal 368)
   defining Unicode char U+0171 (decimal 369)
   defining Unicode char U+0178 (decimal 376)
   defining Unicode char U+0179 (decimal 377)
   defining Unicode char U+017A (decimal 378)
   defining Unicode char U+017B (decimal 379)
   defining Unicode char U+017C (decimal 380)
   defining Unicode char U+017D (decimal 381)
   defining Unicode char U+017E (decimal 382)
   defining Unicode char U+200C (decimal 8204)
   defining Unicode char U+2013 (decimal 8211)
   defining Unicode char U+2014 (decimal 8212)
   defining Unicode char U+2018 (decimal 8216)
   defining Unicode char U+2019 (decimal 8217)
   defining Unicode char U+201A (decimal 8218)
   defining Unicode char U+201C (decimal 8220)
   defining Unicode char U+201D (decimal 8221)
   defining Unicode char U+201E (decimal 8222)
   defining Unicode char U+2030 (decimal 8240)
   defining Unicode char U+2031 (decimal 8241)
   defining Unicode char U+2039 (decimal 8249)
   defining Unicode char U+203A (decimal 8250)
   defining Unicode char U+2423 (decimal 9251)
)
Now handling font encoding OT1 ...
... processing UTF-8 mapping file for font encoding OT1

(/usr/local/texlive/2015/texmf-dist/tex/latex/base/ot1enc.dfu
File: ot1enc.dfu 2014/09/29 v1.1m UTF-8 support for inputenc
   defining Unicode char U+00A1 (decimal 161)
   defining Unicode char U+00A3 (decimal 163)
   defining Unicode char U+00B8 (decimal 184)
   defining Unicode char U+00BF (decimal 191)
   defining Unicode char U+00C5 (decimal 197)
   defining Unicode char U+00C6 (decimal 198)
   defining Unicode char U+00D8 (decimal 216)
   defining Unicode char U+00DF (decimal 223)
   defining Unicode char U+00E6 (decimal 230)
   defining Unicode char U+00EC (decimal 236)
   defining Unicode char U+00ED (decimal 237)
   defining Unicode char U+00EE (decimal 238)
   defining Unicode char U+00EF (decimal 239)
   defining Unicode char U+00F8 (decimal 248)
   defining Unicode char U+0131 (decimal 305)
   defining Unicode char U+0141 (decimal 321)
   defining Unicode char U+0142 (decimal 322)
   defining Unicode char U+0152 (decimal 338)
   defining Unicode char U+0153 (decimal 339)
   defining Unicode char U+2013 (decimal 8211)
   defining Unicode char U+2014 (decimal 8212)
   defining Unicode char U+2018 (decimal 8216)
   defining Unicode char U+2019 (decimal 8217)
   defining Unicode char U+201C (decimal 8220)
   defining Unicode char U+201D (decimal 8221)
)
Now handling font encoding OMS ...
... processing UTF-8 mapping file for font encoding OMS

(/usr/local/texlive/2015/texmf-dist/tex/latex/base/omsenc.dfu
File: omsenc.dfu 2014/09/29 v1.1m UTF-8 support for inputenc
   defining Unicode char U+00A7 (decimal 167)
   defining Unicode char U+00B6 (decimal 182)
   defining Unicode char U+00B7 (decimal 183)
   defining Unicode char U+2020 (decimal 8224)
   defining Unicode char U+2021 (decimal 8225)
   defining Unicode char U+2022 (decimal 8226)
)
Now handling font encoding OMX ...
... no UTF-8 mapping file for font encoding OMX
Now handling font encoding U ...
... no UTF-8 mapping file for font encoding U
Now handling font encoding PD1 ...
... no UTF-8 mapping file for font encoding PD1
   defining Unicode char U+00A9 (decimal 169)
   defining Unicode char U+00AA (decimal 170)
   defining Unicode char U+00AE (decimal 174)
   defining Unicode char U+00BA (decimal 186)
   defining Unicode char U+02C6 (decimal 710)
   defining Unicode char U+02DC (decimal 732)
   defining Unicode char U+200C (decimal 8204)
   defining Unicode char U+2026 (decimal 8230)
   defining Unicode char U+2122 (decimal 8482)
   defining Unicode char U+2423 (decimal 9251)
))
(/usr/local/texlive/2015/texmf-dist/tex/latex/todonotes/todonotes.sty
Package: todonotes 2012/07/25 .dtx Todonotes source and documentation.
Package: todonotes 2012/07/25

(/usr/local/texlive/2015/texmf-dist/tex/latex/xkeyval/xkeyval.sty
Package: xkeyval 2014/12/03 v2.7a package option processing (HA)

(/usr/local/texlive/2015/texmf-dist/tex/generic/xkeyval/xkeyval.tex
(/usr/local/texlive/2015/texmf-dist/tex/generic/xkeyval/xkvutils.tex
\XKV@toks=\toks23
\XKV@tempa@toks=\toks24
)
\XKV@depth=\count118
File: xkeyval.tex 2014/12/03 v2.7a key=value parser (HA)
))
(/usr/local/texlive/2015/texmf-dist/tex/latex/pgf/frontendlayer/tikz.sty
(/usr/local/texlive/2015/texmf-dist/tex/latex/pgf/basiclayer/pgf.sty
(/usr/local/texlive/2015/texmf-dist/tex/latex/pgf/utilities/pgfrcs.sty
(/usr/local/texlive/2015/texmf-dist/tex/generic/pgf/utilities/pgfutil-common.te
x
\pgfutil@everybye=\toks25
\pgfutil@tempdima=\dimen135
\pgfutil@tempdimb=\dimen136

(/usr/local/texlive/2015/texmf-dist/tex/generic/pgf/utilities/pgfutil-common-li
sts.tex))
(/usr/local/texlive/2015/texmf-dist/tex/generic/pgf/utilities/pgfutil-latex.def
\pgfutil@abb=\box30
(/usr/local/texlive/2015/texmf-dist/tex/latex/ms/everyshi.sty
Package: everyshi 2001/05/15 v3.00 EveryShipout Package (MS)
))
(/usr/local/texlive/2015/texmf-dist/tex/generic/pgf/utilities/pgfrcs.code.tex
Package: pgfrcs 2013/12/20 v3.0.0 (rcs-revision 1.28)
))
Package: pgf 2013/12/18 v3.0.0 (rcs-revision 1.14)
(/usr/local/texlive/2015/texmf-dist/tex/latex/pgf/basiclayer/pgfcore.sty
(/usr/local/texlive/2015/texmf-dist/tex/latex/pgf/systemlayer/pgfsys.sty
(/usr/local/texlive/2015/texmf-dist/tex/generic/pgf/systemlayer/pgfsys.code.tex
Package: pgfsys 2013/11/30 v3.0.0 (rcs-revision 1.47)
(/usr/local/texlive/2015/texmf-dist/tex/generic/pgf/utilities/pgfkeys.code.tex
\pgfkeys@pathtoks=\toks26
\pgfkeys@temptoks=\toks27

(/usr/local/texlive/2015/texmf-dist/tex/generic/pgf/utilities/pgfkeysfiltered.c
ode.tex
\pgfkeys@tmptoks=\toks28
))
\pgf@x=\dimen137
\pgf@y=\dimen138
\pgf@xa=\dimen139
\pgf@ya=\dimen140
\pgf@xb=\dimen141
\pgf@yb=\dimen142
\pgf@xc=\dimen143
\pgf@yc=\dimen144
\w@pgf@writea=\write3
\r@pgf@reada=\read1
\c@pgf@counta=\count119
\c@pgf@countb=\count120
\c@pgf@countc=\count121
\c@pgf@countd=\count122
\t@pgf@toka=\toks29
\t@pgf@tokb=\toks30
\t@pgf@tokc=\toks31

(/usr/local/texlive/2015/texmf-dist/tex/generic/pgf/systemlayer/pgf.cfg
File: pgf.cfg 2008/05/14  (rcs-revision 1.7)
)
Driver file for pgf: pgfsys-pdftex.def

(/usr/local/texlive/2015/texmf-dist/tex/generic/pgf/systemlayer/pgfsys-pdftex.d
ef
File: pgfsys-pdftex.def 2013/07/18  (rcs-revision 1.33)

(/usr/local/texlive/2015/texmf-dist/tex/generic/pgf/systemlayer/pgfsys-common-p
df.def
File: pgfsys-common-pdf.def 2013/10/10  (rcs-revision 1.13)
)))
(/usr/local/texlive/2015/texmf-dist/tex/generic/pgf/systemlayer/pgfsyssoftpath.
code.tex
File: pgfsyssoftpath.code.tex 2013/09/09  (rcs-revision 1.9)
\pgfsyssoftpath@smallbuffer@items=\count123
\pgfsyssoftpath@bigbuffer@items=\count124
)
(/usr/local/texlive/2015/texmf-dist/tex/generic/pgf/systemlayer/pgfsysprotocol.
code.tex
File: pgfsysprotocol.code.tex 2006/10/16  (rcs-revision 1.4)
))
(/usr/local/texlive/2015/texmf-dist/tex/generic/pgf/basiclayer/pgfcore.code.tex
Package: pgfcore 2010/04/11 v3.0.0 (rcs-revision 1.7)
(/usr/local/texlive/2015/texmf-dist/tex/generic/pgf/math/pgfmath.code.tex
(/usr/local/texlive/2015/texmf-dist/tex/generic/pgf/math/pgfmathcalc.code.tex
(/usr/local/texlive/2015/texmf-dist/tex/generic/pgf/math/pgfmathutil.code.tex)
(/usr/local/texlive/2015/texmf-dist/tex/generic/pgf/math/pgfmathparser.code.tex
\pgfmath@dimen=\dimen145
\pgfmath@count=\count125
\pgfmath@box=\box31
\pgfmath@toks=\toks32
\pgfmath@stack@operand=\toks33
\pgfmath@stack@operation=\toks34
)
(/usr/local/texlive/2015/texmf-dist/tex/generic/pgf/math/pgfmathfunctions.code.
tex
(/usr/local/texlive/2015/texmf-dist/tex/generic/pgf/math/pgfmathfunctions.basic
.code.tex)
(/usr/local/texlive/2015/texmf-dist/tex/generic/pgf/math/pgfmathfunctions.trigo
nometric.code.tex)
(/usr/local/texlive/2015/texmf-dist/tex/generic/pgf/math/pgfmathfunctions.rando
m.code.tex)
(/usr/local/texlive/2015/texmf-dist/tex/generic/pgf/math/pgfmathfunctions.compa
rison.code.tex)
(/usr/local/texlive/2015/texmf-dist/tex/generic/pgf/math/pgfmathfunctions.base.
code.tex)
(/usr/local/texlive/2015/texmf-dist/tex/generic/pgf/math/pgfmathfunctions.round
.code.tex)
(/usr/local/texlive/2015/texmf-dist/tex/generic/pgf/math/pgfmathfunctions.misc.
code.tex)
(/usr/local/texlive/2015/texmf-dist/tex/generic/pgf/math/pgfmathfunctions.integ
erarithmetics.code.tex)))
(/usr/local/texlive/2015/texmf-dist/tex/generic/pgf/math/pgfmathfloat.code.tex
\c@pgfmathroundto@lastzeros=\count126
))
(/usr/local/texlive/2015/texmf-dist/tex/generic/pgf/basiclayer/pgfcorepoints.co
de.tex
File: pgfcorepoints.code.tex 2013/10/07  (rcs-revision 1.27)
\pgf@picminx=\dimen146
\pgf@picmaxx=\dimen147
\pgf@picminy=\dimen148
\pgf@picmaxy=\dimen149
\pgf@pathminx=\dimen150
\pgf@pathmaxx=\dimen151
\pgf@pathminy=\dimen152
\pgf@pathmaxy=\dimen153
\pgf@xx=\dimen154
\pgf@xy=\dimen155
\pgf@yx=\dimen156
\pgf@yy=\dimen157
\pgf@zx=\dimen158
\pgf@zy=\dimen159
)
(/usr/local/texlive/2015/texmf-dist/tex/generic/pgf/basiclayer/pgfcorepathconst
ruct.code.tex
File: pgfcorepathconstruct.code.tex 2013/10/07  (rcs-revision 1.29)
\pgf@path@lastx=\dimen160
\pgf@path@lasty=\dimen161
)
(/usr/local/texlive/2015/texmf-dist/tex/generic/pgf/basiclayer/pgfcorepathusage
.code.tex
File: pgfcorepathusage.code.tex 2013/12/13  (rcs-revision 1.23)
\pgf@shorten@end@additional=\dimen162
\pgf@shorten@start@additional=\dimen163
)
(/usr/local/texlive/2015/texmf-dist/tex/generic/pgf/basiclayer/pgfcorescopes.co
de.tex
File: pgfcorescopes.code.tex 2013/10/09  (rcs-revision 1.44)
\pgfpic=\box32
\pgf@hbox=\box33
\pgf@layerbox@main=\box34
\pgf@picture@serial@count=\count127
)
(/usr/local/texlive/2015/texmf-dist/tex/generic/pgf/basiclayer/pgfcoregraphicst
ate.code.tex
File: pgfcoregraphicstate.code.tex 2013/09/19  (rcs-revision 1.11)
\pgflinewidth=\dimen164
)
(/usr/local/texlive/2015/texmf-dist/tex/generic/pgf/basiclayer/pgfcoretransform
ations.code.tex
File: pgfcoretransformations.code.tex 2013/10/10  (rcs-revision 1.17)
\pgf@pt@x=\dimen165
\pgf@pt@y=\dimen166
\pgf@pt@temp=\dimen167
)
(/usr/local/texlive/2015/texmf-dist/tex/generic/pgf/basiclayer/pgfcorequick.cod
e.tex
File: pgfcorequick.code.tex 2008/10/09  (rcs-revision 1.3)
)
(/usr/local/texlive/2015/texmf-dist/tex/generic/pgf/basiclayer/pgfcoreobjects.c
ode.tex
File: pgfcoreobjects.code.tex 2006/10/11  (rcs-revision 1.2)
)
(/usr/local/texlive/2015/texmf-dist/tex/generic/pgf/basiclayer/pgfcorepathproce
ssing.code.tex
File: pgfcorepathprocessing.code.tex 2013/09/09  (rcs-revision 1.9)
)
(/usr/local/texlive/2015/texmf-dist/tex/generic/pgf/basiclayer/pgfcorearrows.co
de.tex
File: pgfcorearrows.code.tex 2013/11/07  (rcs-revision 1.40)
\pgfarrowsep=\dimen168
)
(/usr/local/texlive/2015/texmf-dist/tex/generic/pgf/basiclayer/pgfcoreshade.cod
e.tex
File: pgfcoreshade.code.tex 2013/07/15  (rcs-revision 1.15)
\pgf@max=\dimen169
\pgf@sys@shading@range@num=\count128
)
(/usr/local/texlive/2015/texmf-dist/tex/generic/pgf/basiclayer/pgfcoreimage.cod
e.tex
File: pgfcoreimage.code.tex 2013/07/15  (rcs-revision 1.18)

(/usr/local/texlive/2015/texmf-dist/tex/generic/pgf/basiclayer/pgfcoreexternal.
code.tex
File: pgfcoreexternal.code.tex 2013/07/15  (rcs-revision 1.20)
\pgfexternal@startupbox=\box35
))
(/usr/local/texlive/2015/texmf-dist/tex/generic/pgf/basiclayer/pgfcorelayers.co
de.tex
File: pgfcorelayers.code.tex 2013/07/18  (rcs-revision 1.7)
)
(/usr/local/texlive/2015/texmf-dist/tex/generic/pgf/basiclayer/pgfcoretranspare
ncy.code.tex
File: pgfcoretransparency.code.tex 2013/09/30  (rcs-revision 1.5)
)
(/usr/local/texlive/2015/texmf-dist/tex/generic/pgf/basiclayer/pgfcorepatterns.
code.tex
File: pgfcorepatterns.code.tex 2013/11/07  (rcs-revision 1.5)
)))
(/usr/local/texlive/2015/texmf-dist/tex/generic/pgf/modules/pgfmoduleshapes.cod
e.tex
File: pgfmoduleshapes.code.tex 2013/10/31  (rcs-revision 1.34)
\pgfnodeparttextbox=\box36
)
(/usr/local/texlive/2015/texmf-dist/tex/generic/pgf/modules/pgfmoduleplot.code.
tex
File: pgfmoduleplot.code.tex 2013/07/31  (rcs-revision 1.12)
)
(/usr/local/texlive/2015/texmf-dist/tex/latex/pgf/compatibility/pgfcomp-version
-0-65.sty
Package: pgfcomp-version-0-65 2007/07/03 v3.0.0 (rcs-revision 1.7)
\pgf@nodesepstart=\dimen170
\pgf@nodesepend=\dimen171
)
(/usr/local/texlive/2015/texmf-dist/tex/latex/pgf/compatibility/pgfcomp-version
-1-18.sty
Package: pgfcomp-version-1-18 2007/07/23 v3.0.0 (rcs-revision 1.1)
))
(/usr/local/texlive/2015/texmf-dist/tex/latex/pgf/utilities/pgffor.sty
(/usr/local/texlive/2015/texmf-dist/tex/latex/pgf/utilities/pgfkeys.sty
(/usr/local/texlive/2015/texmf-dist/tex/generic/pgf/utilities/pgfkeys.code.tex)
) (/usr/local/texlive/2015/texmf-dist/tex/latex/pgf/math/pgfmath.sty
(/usr/local/texlive/2015/texmf-dist/tex/generic/pgf/math/pgfmath.code.tex))
(/usr/local/texlive/2015/texmf-dist/tex/generic/pgf/utilities/pgffor.code.tex
Package: pgffor 2013/12/13 v3.0.0 (rcs-revision 1.25)

(/usr/local/texlive/2015/texmf-dist/tex/generic/pgf/math/pgfmath.code.tex)
\pgffor@iter=\dimen172
\pgffor@skip=\dimen173
\pgffor@stack=\toks35
\pgffor@toks=\toks36
))
(/usr/local/texlive/2015/texmf-dist/tex/generic/pgf/frontendlayer/tikz/tikz.cod
e.tex
Package: tikz 2013/12/13 v3.0.0 (rcs-revision 1.142)

(/usr/local/texlive/2015/texmf-dist/tex/generic/pgf/libraries/pgflibraryplothan
dlers.code.tex
File: pgflibraryplothandlers.code.tex 2013/08/31 v3.0.0 (rcs-revision 1.20)
\pgf@plot@mark@count=\count129
\pgfplotmarksize=\dimen174
)
\tikz@lastx=\dimen175
\tikz@lasty=\dimen176
\tikz@lastxsaved=\dimen177
\tikz@lastysaved=\dimen178
\tikzleveldistance=\dimen179
\tikzsiblingdistance=\dimen180
\tikz@figbox=\box37
\tikz@figbox@bg=\box38
\tikz@tempbox=\box39
\tikz@tempbox@bg=\box40
\tikztreelevel=\count130
\tikznumberofchildren=\count131
\tikznumberofcurrentchild=\count132
\tikz@fig@count=\count133

(/usr/local/texlive/2015/texmf-dist/tex/generic/pgf/modules/pgfmodulematrix.cod
e.tex
File: pgfmodulematrix.code.tex 2013/09/17  (rcs-revision 1.8)
\pgfmatrixcurrentrow=\count134
\pgfmatrixcurrentcolumn=\count135
\pgf@matrix@numberofcolumns=\count136
)
\tikz@expandcount=\count137

(/usr/local/texlive/2015/texmf-dist/tex/generic/pgf/frontendlayer/tikz/librarie
s/tikzlibrarytopaths.code.tex
File: tikzlibrarytopaths.code.tex 2008/06/17 v3.0.0 (rcs-revision 1.2)
)))
(/usr/local/texlive/2015/texmf-dist/tex/generic/pgf/frontendlayer/tikz/librarie
s/tikzlibrarypositioning.code.tex
File: tikzlibrarypositioning.code.tex 2008/10/06 v3.0.0 (rcs-revision 1.7)
)
\c@@todonotes@numberoftodonotes=\count138
)
(/usr/local/texlive/2015/texmf-dist/tex/latex/listings/listings.sty
\lst@mode=\count139
\lst@gtempboxa=\box41
\lst@token=\toks37
\lst@length=\count140
\lst@currlwidth=\dimen181
\lst@column=\count141
\lst@pos=\count142
\lst@lostspace=\dimen182
\lst@width=\dimen183
\lst@newlines=\count143
\lst@lineno=\count144
\lst@maxwidth=\dimen184

(/usr/local/texlive/2015/texmf-dist/tex/latex/listings/lstmisc.sty
File: lstmisc.sty 2014/09/06 1.5e (Carsten Heinz)
\c@lstnumber=\count145
\lst@skipnumbers=\count146
\lst@framebox=\box42
)
(/usr/local/texlive/2015/texmf-dist/tex/latex/listings/listings.cfg
File: listings.cfg 2014/09/06 1.5e listings configuration
))
Package: listings 2014/09/06 1.5e (Carsten Heinz)

(/usr/local/texlive/2015/texmf-dist/tex/latex/tcolorbox/tcolorbox.sty
Package: tcolorbox 2015/05/07 version 3.60 text color boxes

(/usr/local/texlive/2015/texmf-dist/tex/latex/tools/verbatim.sty
Package: verbatim 2014/10/28 v1.5q LaTeX2e package for verbatim enhancements
\every@verbatim=\toks38
\verbatim@line=\toks39
\verbatim@in@stream=\read2
)
(/usr/local/texlive/2015/texmf-dist/tex/latex/environ/environ.sty
Package: environ 2014/05/04 v0.3 A new way to define environments

(/usr/local/texlive/2015/texmf-dist/tex/latex/trimspaces/trimspaces.sty
Package: trimspaces 2009/09/17 v1.1 Trim spaces around a token list
))
(/usr/local/texlive/2015/texmf-dist/tex/latex/etoolbox/etoolbox.sty
Package: etoolbox 2015/05/04 v2.2 e-TeX tools for LaTeX (JAW)
\etb@tempcnta=\count147
)
\tcb@titlebox=\box43
\tcb@upperbox=\box44
\tcb@lowerbox=\box45
\tcb@phantombox=\box46
\c@tcbbreakpart=\count148
\c@tcblayer=\count149
\tcb@temp=\box47
\tcb@temp=\box48
\tcb@temp=\box49
\tcb@temp=\box50
\tcb@out=\write4
\tcb@record@out=\write5
)
(/usr/local/texlive/2015/texmf-dist/tex/latex/float/float.sty
Package: float 2001/11/08 v1.3d Float enhancements (AL)
\c@float@type=\count150
\float@exts=\toks40
\float@box=\box51
\@float@everytoks=\toks41
\@floatcapt=\box52
)
(/usr/local/texlive/2015/texmf-dist/tex/latex/caption/caption.sty
Package: caption 2013/05/02 v3.3-89 Customizing captions (AR)

(/usr/local/texlive/2015/texmf-dist/tex/latex/caption/caption3.sty
Package: caption3 2013/05/02 v1.6-88 caption3 kernel (AR)
Package caption3 Info: TeX engine: e-TeX on input line 57.
\captionmargin=\dimen185
\captionmargin@=\dimen186
\captionwidth=\dimen187
\caption@tempdima=\dimen188
\caption@indent=\dimen189
\caption@parindent=\dimen190
\caption@hangindent=\dimen191
)
\c@ContinuedFloat=\count151
Package caption Info: float package is loaded.
Package caption Info: hyperref package is loaded.
Package caption Info: listings package is loaded.
)
(/usr/local/texlive/2015/texmf-dist/tex/latex/caption/subcaption.sty
Package: subcaption 2013/02/03 v1.1-62 Sub-captions (AR)
\c@subfigure=\count152
\c@subtable=\count153
)
(/usr/local/texlive/2015/texmf-dist/tex/latex/lineno/lineno.sty
Package: lineno 2005/11/02 line numbers on paragraphs v4.41
\linenopenalty=\count154
\output=\toks42
\linenoprevgraf=\count155
\linenumbersep=\dimen192
\linenumberwidth=\dimen193
\c@linenumber=\count156
\c@pagewiselinenumber=\count157
\c@LN@truepage=\count158
\c@internallinenumber=\count159
\c@internallinenumbers=\count160
\quotelinenumbersep=\dimen194
\bframerule=\dimen195
\bframesep=\dimen196
\bframebox=\box53
LaTeX Info: Redefining \\ on input line 3056.
)

LaTeX Warning: Unused global option(s):
    [pdf].

(./main.aux)
\openout1 = `main.aux'.

LaTeX Font Info:    Checking defaults for OML/cmm/m/it on input line 32.
LaTeX Font Info:    ... okay on input line 32.
LaTeX Font Info:    Checking defaults for T1/cmr/m/n on input line 32.
LaTeX Font Info:    ... okay on input line 32.
LaTeX Font Info:    Checking defaults for OT1/cmr/m/n on input line 32.
LaTeX Font Info:    ... okay on input line 32.
LaTeX Font Info:    Checking defaults for OMS/cmsy/m/n on input line 32.
LaTeX Font Info:    ... okay on input line 32.
LaTeX Font Info:    Checking defaults for OMX/cmex/m/n on input line 32.
LaTeX Font Info:    ... okay on input line 32.
LaTeX Font Info:    Checking defaults for U/cmr/m/n on input line 32.
LaTeX Font Info:    ... okay on input line 32.
LaTeX Font Info:    Checking defaults for PD1/pdf/m/n on input line 32.
LaTeX Font Info:    ... okay on input line 32.
\AtBeginShipoutBox=\box54
Package hyperref Info: Link coloring OFF on input line 32.
 (/usr/local/texlive/2015/texmf-dist/tex/latex/hyperref/nameref.sty
Package: nameref 2012/10/27 v2.43 Cross-referencing by name of section
(/usr/local/texlive/2015/texmf-dist/tex/generic/oberdiek/gettitlestring.sty
Package: gettitlestring 2010/12/03 v1.4 Cleanup title references (HO)
)
\c@section@level=\count161
)
LaTeX Info: Redefining \ref on input line 32.
LaTeX Info: Redefining \pageref on input line 32.
LaTeX Info: Redefining \nameref on input line 32.

(./main.out) (./main.out)
\@outlinefile=\write6
\openout6 = `main.out'.


(/usr/local/texlive/2015/texmf-dist/tex/context/base/supp-pdf.mkii
[Loading MPS to PDF converter (version 2006.09.02).]
\scratchcounter=\count162
\scratchdimen=\dimen197
\scratchbox=\box55
\nofMPsegments=\count163
\nofMParguments=\count164
\everyMPshowfont=\toks43
\MPscratchCnt=\count165
\MPscratchDim=\dimen198
\MPnumerator=\count166
\makeMPintoPDFobject=\count167
\everyMPtoPDFconversion=\toks44
) (/usr/local/texlive/2015/texmf-dist/tex/latex/oberdiek/epstopdf-base.sty
Package: epstopdf-base 2010/02/09 v2.5 Base part for package epstopdf

(/usr/local/texlive/2015/texmf-dist/tex/latex/oberdiek/grfext.sty
Package: grfext 2010/08/19 v1.1 Manage graphics extensions (HO)
)
Package grfext Info: Graphics extension search list:
(grfext)             [.png,.pdf,.jpg,.mps,.jpeg,.jbig2,.jb2,.PNG,.PDF,.JPG,.JPE
G,.JBIG2,.JB2,.eps]
(grfext)             \AppendGraphicsExtensions on input line 452.

(/usr/local/texlive/2015/texmf-dist/tex/latex/latexconfig/epstopdf-sys.cfg
File: epstopdf-sys.cfg 2010/07/13 v1.3 Configuration of (r)epstopdf for TeX Liv
e
))
ABD: EveryShipout initializing macros
\c@lstlisting=\count168
Package caption Info: Begin \AtBeginDocument code.
Package caption Info: End \AtBeginDocument code.
 (./TitlePages/Thesis-Title-Page-DS.tex
LaTeX Font Info:    Try loading font information for U+msa on input line 101.

(/usr/local/texlive/2015/texmf-dist/tex/latex/amsfonts/umsa.fd
File: umsa.fd 2013/01/14 v3.01 AMS symbols A
)
LaTeX Font Info:    Try loading font information for U+msb on input line 101.

(/usr/local/texlive/2015/texmf-dist/tex/latex/amsfonts/umsb.fd
File: umsb.fd 2013/01/14 v3.01 AMS symbols B
)
<TitlePages/logos/logo-uva.png, id=67, 894.34125pt x 411.5375pt>
File: TitlePages/logos/logo-uva.png Graphic file (type png)

<use TitlePages/logos/logo-uva.png>
Package pdftex.def Info: TitlePages/logos/logo-uva.png used on input line 134.
(pdftex.def)             Requested size: 119.49974pt x 54.98372pt.

<TitlePages/logos/ads.png, id=69, 440.64626pt x 200.75pt>
File: TitlePages/logos/ads.png Graphic file (type png)

<use TitlePages/logos/ads.png>
Package pdftex.def Info: TitlePages/logos/ads.png used on input line 134.
(pdftex.def)             Requested size: 119.49974pt x 54.44214pt.
File: TitlePages/logos/ads.png Graphic file (type png)
 <use TitlePages/logos/ads.png>
Package pdftex.def Info: TitlePages/logos/ads.png used on input line 134.
(pdftex.def)             Requested size: 119.49974pt x 54.44214pt.

Overfull \hbox (23.4992pt too wide) in paragraph at lines 134--135
 [] 
 []

[1

{/usr/local/texlive/2015/texmf-var/fonts/map/pdftex/updmap/pdftex.map} <./Title
Pages/logos/logo-uva.png> <./TitlePages/logos/ads.png>]) (./main.tdo)
\tf@tdo=\write7
\openout7 = `main.tdo'.


(./main.toc)
\tf@toc=\write8
\openout8 = `main.toc'.

pdfTeX warning (ext4): destination with the same identifier (name{page.1}) has 
been already used, duplicate ignored
<to be read again> 
                   \relax 
l.47 
      [1]
LaTeX Font Info:    Try loading font information for OMS+cmr on input line 55.
 (/usr/local/texlive/2015/texmf-dist/tex/latex/base/omscmr.fd
File: omscmr.fd 2014/09/29 v2.5h Standard LaTeX font definitions
)
LaTeX Font Info:    Font shape `OMS/cmr/m/n' in size <10> not available
(Font)              Font shape `OMS/cmsy/m/n' tried instead on input line 55.

Overfull \hbox (66.49797pt too wide) in paragraph at lines 55--56
[]\OT1/cmr/m/n/10 Your the-sis is writ-ten in ACM style with two columns (\OT1/
cmtt/m/n/10 documentclass[sigconf]acmart\OT1/cmr/m/n/10 ). 
 []


Overfull \hbox (7.38693pt too wide) in paragraph at lines 59--60
[]\OT1/cmr/m/n/10 Use the tem-plate at []$\OT1/cmtt/m/n/10 https : / / github .
 com / maartenmarx / ThesisTemplate /
 []


Overfull \hbox (6.9972pt too wide) in paragraph at lines 59--60
\OT1/cmtt/m/n/10 blob / master / ThesisTemplate / TitlePages / Thesis-[]Title-[
]Page-[]DS . tex$[]
 []

[2] (./introduction.tex) (./related_work.tex) (./methodology.tex [3]
<WildersPlot.png, id=126, 1084.05pt x 433.62pt>
File: WildersPlot.png Graphic file (type png)
 <use WildersPlot.png>
Package pdftex.def Info: WildersPlot.png used on input line 23.
(pdftex.def)             Requested size: 345.0pt x 138.00034pt.
 [4 <./WildersPlot.png>] (./WildersTable.tex) [5]) (./evaluation.tex) (./conclu
sions.tex) (./main.bbl

LaTeX Warning: Empty `thebibliography' environment on input line 3.

)

pdfTeX warning: /Library/TeX/texbin/pdflatex (file ./sargent-lecture_slides.pdf
): PDF inclusion: found PDF version <1.6>, but at most version <1.5> allowed
<sargent-lecture_slides.pdf, id=139, 364.19562pt x 273.14648pt>
File: sargent-lecture_slides.pdf Graphic file (type pdf)

<use sargent-lecture_slides.pdf>
Package pdftex.def Info: sargent-lecture_slides.pdf used on input line 87.
(pdftex.def)             Requested size: 364.19473pt x 273.14581pt.


pdfTeX warning: /Library/TeX/texbin/pdflatex (file ./sargent-lecture_slides.pdf
): PDF inclusion: found PDF version <1.6>, but at most version <1.5> allowed
File: sargent-lecture_slides.pdf Graphic file (type pdf)
<use sargent-lecture_slides.pdf>
Package pdftex.def Info: sargent-lecture_slides.pdf used on input line 87.
(pdftex.def)             Requested size: 364.19473pt x 273.14581pt.


pdfTeX warning: /Library/TeX/texbin/pdflatex (file ./sargent-lecture_slides.pdf
): PDF inclusion: found PDF version <1.6>, but at most version <1.5> allowed


pdfTeX warning: /Library/TeX/texbin/pdflatex (file ./sargent-lecture_slides.pdf
): PDF inclusion: found PDF version <1.6>, but at most version <1.5> allowed
<sargent-lecture_slides.pdf, id=142, page=1, 364.19562pt x 273.14648pt>
File: sargent-lecture_slides.pdf Graphic file (type pdf)

<use sargent-lecture_slides.pdf, page 1>
Package pdftex.def Info: sargent-lecture_slides.pdf, page1 used on input line 8
7.
(pdftex.def)             Requested size: 364.19473pt x 273.14581pt.
File: sargent-lecture_slides.pdf Graphic file (type pdf)

<use sargent-lecture_slides.pdf, page 1>
Package pdftex.def Info: sargent-lecture_slides.pdf, page1 used on input line 8
7.
(pdftex.def)             Requested size: 298.90909pt x 224.18161pt.
File: sargent-lecture_slides.pdf Graphic file (type pdf)

<use sargent-lecture_slides.pdf, page 1>
Package pdftex.def Info: sargent-lecture_slides.pdf, page1 used on input line 8
7.
(pdftex.def)             Requested size: 298.90909pt x 224.18161pt.
File: sargent-lecture_slides.pdf Graphic file (type pdf)

<use sargent-lecture_slides.pdf, page 1>
Package pdftex.def Info: sargent-lecture_slides.pdf, page1 used on input line 8
7.
(pdftex.def)             Requested size: 298.90909pt x 224.18161pt.
 [6]

pdfTeX warning: /Library/TeX/texbin/pdflatex (file ./sargent-lecture_slides.pdf
): PDF inclusion: found PDF version <1.6>, but at most version <1.5> allowed
<sargent-lecture_slides.pdf, id=150, page=2, 364.19562pt x 273.14648pt>
File: sargent-lecture_slides.pdf Graphic file (type pdf)

<use sargent-lecture_slides.pdf, page 2>
Package pdftex.def Info: sargent-lecture_slides.pdf, page2 used on input line 8
7.
(pdftex.def)             Requested size: 298.90909pt x 224.18161pt.
File: sargent-lecture_slides.pdf Graphic file (type pdf)

<use sargent-lecture_slides.pdf, page 2>
Package pdftex.def Info: sargent-lecture_slides.pdf, page2 used on input line 8
7.
(pdftex.def)             Requested size: 298.90909pt x 224.18161pt.


pdfTeX warning: /Library/TeX/texbin/pdflatex (file ./sargent-lecture_slides.pdf
): PDF inclusion: found PDF version <1.6>, but at most version <1.5> allowed
<sargent-lecture_slides.pdf, id=151, page=3, 364.19562pt x 273.14648pt>
File: sargent-lecture_slides.pdf Graphic file (type pdf)

<use sargent-lecture_slides.pdf, page 3>
Package pdftex.def Info: sargent-lecture_slides.pdf, page3 used on input line 8
7.
(pdftex.def)             Requested size: 298.90909pt x 224.18161pt.
File: sargent-lecture_slides.pdf Graphic file (type pdf)

<use sargent-lecture_slides.pdf, page 3>
Package pdftex.def Info: sargent-lecture_slides.pdf, page3 used on input line 8
7.
(pdftex.def)             Requested size: 298.90909pt x 224.18161pt.


pdfTeX warning: /Library/TeX/texbin/pdflatex (file ./sargent-lecture_slides.pdf
): PDF inclusion: found PDF version <1.6>, but at most version <1.5> allowed
<sargent-lecture_slides.pdf, id=152, page=4, 364.19562pt x 273.14648pt>
File: sargent-lecture_slides.pdf Graphic file (type pdf)

<use sargent-lecture_slides.pdf, page 4>
Package pdftex.def Info: sargent-lecture_slides.pdf, page4 used on input line 8
7.
(pdftex.def)             Requested size: 298.90909pt x 224.18161pt.
File: sargent-lecture_slides.pdf Graphic file (type pdf)

<use sargent-lecture_slides.pdf, page 4>
Package pdftex.def Info: sargent-lecture_slides.pdf, page4 used on input line 8
7.
(pdftex.def)             Requested size: 298.90909pt x 224.18161pt.


pdfTeX warning: /Library/TeX/texbin/pdflatex (file ./sargent-lecture_slides.pdf
): PDF inclusion: found PDF version <1.6>, but at most version <1.5> allowed
<sargent-lecture_slides.pdf, id=153, page=5, 364.19562pt x 273.14648pt>
File: sargent-lecture_slides.pdf Graphic file (type pdf)

<use sargent-lecture_slides.pdf, page 5>
Package pdftex.def Info: sargent-lecture_slides.pdf, page5 used on input line 8
7.
(pdftex.def)             Requested size: 298.90909pt x 224.18161pt.
File: sargent-lecture_slides.pdf Graphic file (type pdf)

<use sargent-lecture_slides.pdf, page 5>
Package pdftex.def Info: sargent-lecture_slides.pdf, page5 used on input line 8
7.
(pdftex.def)             Requested size: 298.90909pt x 224.18161pt.


pdfTeX warning: /Library/TeX/texbin/pdflatex (file ./sargent-lecture_slides.pdf
): PDF inclusion: found PDF version <1.6>, but at most version <1.5> allowed
<sargent-lecture_slides.pdf, id=154, page=6, 364.19562pt x 273.14648pt>
File: sargent-lecture_slides.pdf Graphic file (type pdf)

<use sargent-lecture_slides.pdf, page 6>
Package pdftex.def Info: sargent-lecture_slides.pdf, page6 used on input line 8
7.
(pdftex.def)             Requested size: 298.90909pt x 224.18161pt.
File: sargent-lecture_slides.pdf Graphic file (type pdf)

<use sargent-lecture_slides.pdf, page 6>
Package pdftex.def Info: sargent-lecture_slides.pdf, page6 used on input line 8
7.
(pdftex.def)             Requested size: 298.90909pt x 224.18161pt.


pdfTeX warning: /Library/TeX/texbin/pdflatex (file ./sargent-lecture_slides.pdf
): PDF inclusion: found PDF version <1.6>, but at most version <1.5> allowed
<sargent-lecture_slides.pdf, id=155, page=7, 364.19562pt x 273.14648pt>
File: sargent-lecture_slides.pdf Graphic file (type pdf)

<use sargent-lecture_slides.pdf, page 7>
Package pdftex.def Info: sargent-lecture_slides.pdf, page7 used on input line 8
7.
(pdftex.def)             Requested size: 298.90909pt x 224.18161pt.
File: sargent-lecture_slides.pdf Graphic file (type pdf)

<use sargent-lecture_slides.pdf, page 7>
Package pdftex.def Info: sargent-lecture_slides.pdf, page7 used on input line 8
7.
(pdftex.def)             Requested size: 298.90909pt x 224.18161pt.
File: sargent-lecture_slides.pdf Graphic file (type pdf)

<use sargent-lecture_slides.pdf, page 1>
Package pdftex.def Info: sargent-lecture_slides.pdf, page1 used on input line 8
7.
(pdftex.def)             Requested size: 298.90909pt x 224.18161pt.
File: sargent-lecture_slides.pdf Graphic file (type pdf)

<use sargent-lecture_slides.pdf, page 2>
Package pdftex.def Info: sargent-lecture_slides.pdf, page2 used on input line 8
7.
(pdftex.def)             Requested size: 298.90909pt x 224.18161pt.
File: sargent-lecture_slides.pdf Graphic file (type pdf)

<use sargent-lecture_slides.pdf, page 3>
Package pdftex.def Info: sargent-lecture_slides.pdf, page3 used on input line 8
7.
(pdftex.def)             Requested size: 298.90909pt x 224.18161pt.
File: sargent-lecture_slides.pdf Graphic file (type pdf)

<use sargent-lecture_slides.pdf, page 4>
Package pdftex.def Info: sargent-lecture_slides.pdf, page4 used on input line 8
7.
(pdftex.def)             Requested size: 298.90909pt x 224.18161pt.
File: sargent-lecture_slides.pdf Graphic file (type pdf)

<use sargent-lecture_slides.pdf, page 5>
Package pdftex.def Info: sargent-lecture_slides.pdf, page5 used on input line 8
7.
(pdftex.def)             Requested size: 298.90909pt x 224.18161pt.
File: sargent-lecture_slides.pdf Graphic file (type pdf)

<use sargent-lecture_slides.pdf, page 6>
Package pdftex.def Info: sargent-lecture_slides.pdf, page6 used on input line 8
7.
(pdftex.def)             Requested size: 298.90909pt x 224.18161pt.
 [7 <./sargent-lecture_slides.pdf> <./sargent-lecture_slides.pdf> <./sargent-le
cture_slides.pdf> <./sargent-lecture_slides.pdf> <./sargent-lecture_slides.pdf>
 <./sargent-lecture_slides.pdf>]

pdfTeX warning: /Library/TeX/texbin/pdflatex (file ./sargent-lecture_slides.pdf
): PDF inclusion: found PDF version <1.6>, but at most version <1.5> allowed
<sargent-lecture_slides.pdf, id=219, page=8, 364.19562pt x 273.14648pt>
File: sargent-lecture_slides.pdf Graphic file (type pdf)

<use sargent-lecture_slides.pdf, page 8>
Package pdftex.def Info: sargent-lecture_slides.pdf, page8 used on input line 8
7.
(pdftex.def)             Requested size: 298.90909pt x 224.18161pt.
File: sargent-lecture_slides.pdf Graphic file (type pdf)

<use sargent-lecture_slides.pdf, page 8>
Package pdftex.def Info: sargent-lecture_slides.pdf, page8 used on input line 8
7.
(pdftex.def)             Requested size: 298.90909pt x 224.18161pt.


pdfTeX warning: /Library/TeX/texbin/pdflatex (file ./sargent-lecture_slides.pdf
): PDF inclusion: found PDF version <1.6>, but at most version <1.5> allowed
<sargent-lecture_slides.pdf, id=220, page=9, 364.19562pt x 273.14648pt>
File: sargent-lecture_slides.pdf Graphic file (type pdf)

<use sargent-lecture_slides.pdf, page 9>
Package pdftex.def Info: sargent-lecture_slides.pdf, page9 used on input line 8
7.
(pdftex.def)             Requested size: 298.90909pt x 224.18161pt.
File: sargent-lecture_slides.pdf Graphic file (type pdf)

<use sargent-lecture_slides.pdf, page 9>
Package pdftex.def Info: sargent-lecture_slides.pdf, page9 used on input line 8
7.
(pdftex.def)             Requested size: 298.90909pt x 224.18161pt.


pdfTeX warning: /Library/TeX/texbin/pdflatex (file ./sargent-lecture_slides.pdf
): PDF inclusion: found PDF version <1.6>, but at most version <1.5> allowed
<sargent-lecture_slides.pdf, id=221, page=10, 364.19562pt x 273.14648pt>
File: sargent-lecture_slides.pdf Graphic file (type pdf)

<use sargent-lecture_slides.pdf, page 10>
Package pdftex.def Info: sargent-lecture_slides.pdf, page10 used on input line 
87.
(pdftex.def)             Requested size: 298.90909pt x 224.18161pt.
File: sargent-lecture_slides.pdf Graphic file (type pdf)

<use sargent-lecture_slides.pdf, page 10>
Package pdftex.def Info: sargent-lecture_slides.pdf, page10 used on input line 
87.
(pdftex.def)             Requested size: 298.90909pt x 224.18161pt.


pdfTeX warning: /Library/TeX/texbin/pdflatex (file ./sargent-lecture_slides.pdf
): PDF inclusion: found PDF version <1.6>, but at most version <1.5> allowed
<sargent-lecture_slides.pdf, id=222, page=11, 364.19562pt x 273.14648pt>
File: sargent-lecture_slides.pdf Graphic file (type pdf)

<use sargent-lecture_slides.pdf, page 11>
Package pdftex.def Info: sargent-lecture_slides.pdf, page11 used on input line 
87.
(pdftex.def)             Requested size: 298.90909pt x 224.18161pt.
File: sargent-lecture_slides.pdf Graphic file (type pdf)

<use sargent-lecture_slides.pdf, page 11>
Package pdftex.def Info: sargent-lecture_slides.pdf, page11 used on input line 
87.
(pdftex.def)             Requested size: 298.90909pt x 224.18161pt.


pdfTeX warning: /Library/TeX/texbin/pdflatex (file ./sargent-lecture_slides.pdf
): PDF inclusion: found PDF version <1.6>, but at most version <1.5> allowed
<sargent-lecture_slides.pdf, id=223, page=12, 364.19562pt x 273.14648pt>
File: sargent-lecture_slides.pdf Graphic file (type pdf)

<use sargent-lecture_slides.pdf, page 12>
Package pdftex.def Info: sargent-lecture_slides.pdf, page12 used on input line 
87.
(pdftex.def)             Requested size: 298.90909pt x 224.18161pt.
File: sargent-lecture_slides.pdf Graphic file (type pdf)

<use sargent-lecture_slides.pdf, page 12>
Package pdftex.def Info: sargent-lecture_slides.pdf, page12 used on input line 
87.
(pdftex.def)             Requested size: 298.90909pt x 224.18161pt.


pdfTeX warning: /Library/TeX/texbin/pdflatex (file ./sargent-lecture_slides.pdf
): PDF inclusion: found PDF version <1.6>, but at most version <1.5> allowed
<sargent-lecture_slides.pdf, id=224, page=13, 364.19562pt x 273.14648pt>
File: sargent-lecture_slides.pdf Graphic file (type pdf)

<use sargent-lecture_slides.pdf, page 13>
Package pdftex.def Info: sargent-lecture_slides.pdf, page13 used on input line 
87.
(pdftex.def)             Requested size: 298.90909pt x 224.18161pt.
File: sargent-lecture_slides.pdf Graphic file (type pdf)

<use sargent-lecture_slides.pdf, page 13>
Package pdftex.def Info: sargent-lecture_slides.pdf, page13 used on input line 
87.
(pdftex.def)             Requested size: 298.90909pt x 224.18161pt.
File: sargent-lecture_slides.pdf Graphic file (type pdf)

<use sargent-lecture_slides.pdf, page 7>
Package pdftex.def Info: sargent-lecture_slides.pdf, page7 used on input line 8
7.
(pdftex.def)             Requested size: 298.90909pt x 224.18161pt.
File: sargent-lecture_slides.pdf Graphic file (type pdf)

<use sargent-lecture_slides.pdf, page 8>
Package pdftex.def Info: sargent-lecture_slides.pdf, page8 used on input line 8
7.
(pdftex.def)             Requested size: 298.90909pt x 224.18161pt.
File: sargent-lecture_slides.pdf Graphic file (type pdf)

<use sargent-lecture_slides.pdf, page 9>
Package pdftex.def Info: sargent-lecture_slides.pdf, page9 used on input line 8
7.
(pdftex.def)             Requested size: 298.90909pt x 224.18161pt.
File: sargent-lecture_slides.pdf Graphic file (type pdf)

<use sargent-lecture_slides.pdf, page 10>
Package pdftex.def Info: sargent-lecture_slides.pdf, page10 used on input line 
87.
(pdftex.def)             Requested size: 298.90909pt x 224.18161pt.
File: sargent-lecture_slides.pdf Graphic file (type pdf)

<use sargent-lecture_slides.pdf, page 11>
Package pdftex.def Info: sargent-lecture_slides.pdf, page11 used on input line 
87.
(pdftex.def)             Requested size: 298.90909pt x 224.18161pt.
File: sargent-lecture_slides.pdf Graphic file (type pdf)

<use sargent-lecture_slides.pdf, page 12>
Package pdftex.def Info: sargent-lecture_slides.pdf, page12 used on input line 
87.
(pdftex.def)             Requested size: 298.90909pt x 224.18161pt.
 [8 <./sargent-lecture_slides.pdf> <./sargent-lecture_slides.pdf> <./sargent-le
cture_slides.pdf> <./sargent-lecture_slides.pdf> <./sargent-lecture_slides.pdf>
 <./sargent-lecture_slides.pdf>]

pdfTeX warning: /Library/TeX/texbin/pdflatex (file ./sargent-lecture_slides.pdf
): PDF inclusion: found PDF version <1.6>, but at most version <1.5> allowed
<sargent-lecture_slides.pdf, id=239, page=14, 364.19562pt x 273.14648pt>
File: sargent-lecture_slides.pdf Graphic file (type pdf)

<use sargent-lecture_slides.pdf, page 14>
Package pdftex.def Info: sargent-lecture_slides.pdf, page14 used on input line 
87.
(pdftex.def)             Requested size: 298.90909pt x 224.18161pt.
File: sargent-lecture_slides.pdf Graphic file (type pdf)

<use sargent-lecture_slides.pdf, page 14>
Package pdftex.def Info: sargent-lecture_slides.pdf, page14 used on input line 
87.
(pdftex.def)             Requested size: 298.90909pt x 224.18161pt.


pdfTeX warning: /Library/TeX/texbin/pdflatex (file ./sargent-lecture_slides.pdf
): PDF inclusion: found PDF version <1.6>, but at most version <1.5> allowed
<sargent-lecture_slides.pdf, id=240, page=15, 364.19562pt x 273.14648pt>
File: sargent-lecture_slides.pdf Graphic file (type pdf)

<use sargent-lecture_slides.pdf, page 15>
Package pdftex.def Info: sargent-lecture_slides.pdf, page15 used on input line 
87.
(pdftex.def)             Requested size: 298.90909pt x 224.18161pt.
File: sargent-lecture_slides.pdf Graphic file (type pdf)

<use sargent-lecture_slides.pdf, page 15>
Package pdftex.def Info: sargent-lecture_slides.pdf, page15 used on input line 
87.
(pdftex.def)             Requested size: 298.90909pt x 224.18161pt.


pdfTeX warning: /Library/TeX/texbin/pdflatex (file ./sargent-lecture_slides.pdf
): PDF inclusion: found PDF version <1.6>, but at most version <1.5> allowed
<sargent-lecture_slides.pdf, id=241, page=16, 364.19562pt x 273.14648pt>
File: sargent-lecture_slides.pdf Graphic file (type pdf)

<use sargent-lecture_slides.pdf, page 16>
Package pdftex.def Info: sargent-lecture_slides.pdf, page16 used on input line 
87.
(pdftex.def)             Requested size: 298.90909pt x 224.18161pt.
File: sargent-lecture_slides.pdf Graphic file (type pdf)

<use sargent-lecture_slides.pdf, page 16>
Package pdftex.def Info: sargent-lecture_slides.pdf, page16 used on input line 
87.
(pdftex.def)             Requested size: 298.90909pt x 224.18161pt.


pdfTeX warning: /Library/TeX/texbin/pdflatex (file ./sargent-lecture_slides.pdf
): PDF inclusion: found PDF version <1.6>, but at most version <1.5> allowed
<sargent-lecture_slides.pdf, id=242, page=17, 364.19562pt x 273.14648pt>
File: sargent-lecture_slides.pdf Graphic file (type pdf)

<use sargent-lecture_slides.pdf, page 17>
Package pdftex.def Info: sargent-lecture_slides.pdf, page17 used on input line 
87.
(pdftex.def)             Requested size: 298.90909pt x 224.18161pt.
File: sargent-lecture_slides.pdf Graphic file (type pdf)

<use sargent-lecture_slides.pdf, page 17>
Package pdftex.def Info: sargent-lecture_slides.pdf, page17 used on input line 
87.
(pdftex.def)             Requested size: 298.90909pt x 224.18161pt.
File: sargent-lecture_slides.pdf Graphic file (type pdf)

<use sargent-lecture_slides.pdf, page 1>
Package pdftex.def Info: sargent-lecture_slides.pdf, page1 used on input line 8
7.
(pdftex.def)             Requested size: 298.90909pt x 224.18161pt.
File: sargent-lecture_slides.pdf Graphic file (type pdf)

<use sargent-lecture_slides.pdf, page 1>
Package pdftex.def Info: sargent-lecture_slides.pdf, page1 used on input line 8
7.
(pdftex.def)             Requested size: 298.90909pt x 224.18161pt.
File: sargent-lecture_slides.pdf Graphic file (type pdf)

<use sargent-lecture_slides.pdf, page 13>
Package pdftex.def Info: sargent-lecture_slides.pdf, page13 used on input line 
87.
(pdftex.def)             Requested size: 298.90909pt x 224.18161pt.
File: sargent-lecture_slides.pdf Graphic file (type pdf)

<use sargent-lecture_slides.pdf, page 14>
Package pdftex.def Info: sargent-lecture_slides.pdf, page14 used on input line 
87.
(pdftex.def)             Requested size: 298.90909pt x 224.18161pt.
File: sargent-lecture_slides.pdf Graphic file (type pdf)

<use sargent-lecture_slides.pdf, page 15>
Package pdftex.def Info: sargent-lecture_slides.pdf, page15 used on input line 
87.
(pdftex.def)             Requested size: 298.90909pt x 224.18161pt.
File: sargent-lecture_slides.pdf Graphic file (type pdf)

<use sargent-lecture_slides.pdf, page 16>
Package pdftex.def Info: sargent-lecture_slides.pdf, page16 used on input line 
87.
(pdftex.def)             Requested size: 298.90909pt x 224.18161pt.
File: sargent-lecture_slides.pdf Graphic file (type pdf)

<use sargent-lecture_slides.pdf, page 17>
Package pdftex.def Info: sargent-lecture_slides.pdf, page17 used on input line 
87.
(pdftex.def)             Requested size: 298.90909pt x 224.18161pt.
 [9 <./sargent-lecture_slides.pdf> <./sargent-lecture_slides.pdf> <./sargent-le
cture_slides.pdf> <./sargent-lecture_slides.pdf> <./sargent-lecture_slides.pdf>
]
Package atveryend Info: Empty hook `BeforeClearDocument' on input line 89.
Package atveryend Info: Empty hook `AfterLastShipout' on input line 89.
 (./main.aux)
Package atveryend Info: Executing hook `AtVeryEndDocument' on input line 89.
Package atveryend Info: Executing hook `AtEndAfterFileList' on input line 89.
Package rerunfilecheck Info: File `main.out' has not changed.
(rerunfilecheck)             Checksum: 0B3B61307BA62C40B82644497282713A;819.
Package atveryend Info: Empty hook `AtVeryVeryEnd' on input line 89.
 ) 
Here is how much of TeX's memory you used:
 21631 strings out of 493089
 403374 string characters out of 6134842
 468815 words of memory out of 5000000
 24687 multiletter control sequences out of 15000+600000
 11935 words of font info for 46 fonts, out of 8000000 for 9000
 1141 hyphenation exceptions out of 8191
 62i,18n,92p,941b,538s stack positions out of 5000i,500n,10000p,200000b,80000s
</usr/local/texlive/2015/texmf-dist/fonts/type1/public/amsfonts/cm/cmbx10.pfb
></usr/local/texlive/2015/texmf-dist/fonts/type1/public/amsfonts/cm/cmbx12.pfb>
</usr/local/texlive/2015/texmf-dist/fonts/type1/public/amsfonts/cm/cmbx9.pfb></
usr/local/texlive/2015/texmf-dist/fonts/type1/public/amsfonts/cm/cmcsc10.pfb></
usr/local/texlive/2015/texmf-dist/fonts/type1/public/amsfonts/cm/cmex10.pfb></u
sr/local/texlive/2015/texmf-dist/fonts/type1/public/amsfonts/cm/cmmi10.pfb></us
r/local/texlive/2015/texmf-dist/fonts/type1/public/amsfonts/cm/cmr10.pfb></usr/
local/texlive/2015/texmf-dist/fonts/type1/public/amsfonts/cm/cmr8.pfb></usr/loc
al/texlive/2015/texmf-dist/fonts/type1/public/amsfonts/cm/cmss10.pfb></usr/loca
l/texlive/2015/texmf-dist/fonts/type1/public/amsfonts/cm/cmss12.pfb></usr/local
/texlive/2015/texmf-dist/fonts/type1/public/amsfonts/cm/cmss8.pfb></usr/local/t
exlive/2015/texmf-dist/fonts/type1/public/amsfonts/cm/cmss9.pfb></usr/local/tex
live/2015/texmf-dist/fonts/type1/public/amsfonts/cm/cmssbx10.pfb></usr/local/te
xlive/2015/texmf-dist/fonts/type1/public/amsfonts/cm/cmssi10.pfb></usr/local/te
xlive/2015/texmf-dist/fonts/type1/public/amsfonts/cm/cmssi8.pfb></usr/local/tex
live/2015/texmf-dist/fonts/type1/public/amsfonts/cm/cmsy10.pfb></usr/local/texl
ive/2015/texmf-dist/fonts/type1/public/amsfonts/cm/cmsy8.pfb></usr/local/texliv
e/2015/texmf-dist/fonts/type1/public/amsfonts/cm/cmtt10.pfb></usr/local/texlive
/2015/texmf-dist/fonts/type1/public/amsfonts/symbols/msam10.pfb></usr/local/tex
live/2015/texmf-dist/fonts/type1/public/amsfonts/symbols/msam7.pfb>
Output written on main.pdf (10 pages, 406518 bytes).
PDF statistics:
 296 PDF objects out of 1000 (max. 8388607)
 233 compressed objects within 3 object streams
 32 named destinations out of 1000 (max. 500000)
 248 words of extra memory for PDF output out of 10000 (max. 10000000)

